<?xml version="1.0" encoding="UTF-8"?>
<!-- Generated by org.testng.reporters.JUnitReportReporter -->
<testsuite skipped="0" hostname="Mehmets-MacBook-Air.local" name="com.qa.darksky.tests.MainPageTest" tests="1" failures="0" timestamp="2020-08-10T02:44:16 EDT" time="8.306" errors="0">
  <testcase name="allActionsTest" time="8.306" classname="com.qa.darksky.tests.MainPageTest"/>
  <system-out/>
</testsuite> <!-- com.qa.darksky.tests.MainPageTest -->
